<?xml version="1.0" encoding="UTF-8"?>
<testng-results ignored="0" total="5" passed="4" failed="1" skipped="0">
  <reporter-output>
    <line>
      <![CDATA[--Database Connection Successfull.--]]>
    </line>
    <line>
      <![CDATA[--Browser chrome Launched Successfully--]]>
    </line>
    <line>
      <![CDATA[--Login Succesfully--]]>
    </line>
    <line>
      <![CDATA[--SignOut Successfully.--]]>
    </line>
    <line>
      <![CDATA[--Login Succesfully--]]>
    </line>
    <line>
      <![CDATA[--SignOut Successfully.--]]>
    </line>
    <line>
      <![CDATA[--Login Succesfully--]]>
    </line>
    <line>
      <![CDATA[--SignOut Successfully.--]]>
    </line>
    <line>
      <![CDATA[--Login Succesfully--]]>
    </line>
    <line>
      <![CDATA[--SignOut Successfully.--]]>
    </line>
    <line>
      <![CDATA[--Login Succesfully--]]>
    </line>
    <line>
      <![CDATA[--SignOut Successfully.--]]>
    </line>
    <line>
      <![CDATA[--Browser Closed Successfully.--]]>
    </line>
    <line>
      <![CDATA[--Database Close successfully.--]]>
    </line>
  </reporter-output>
  <suite started-at="2022-09-15T23:35:15 IST" name="Default suite" finished-at="2022-09-15T23:36:37 IST" duration-ms="81757">
    <groups>
    </groups>
    <test started-at="2022-09-15T23:35:15 IST" name="Default test" finished-at="2022-09-15T23:36:37 IST" duration-ms="81757">
      <class name="vtiger.OrganizationsTests.CreateMultipleOrganizationWithIndustryTest">
        <test-method is-config="true" signature="bsConfig()[pri:0, instance:vtiger.OrganizationsTests.CreateMultipleOrganizationWithIndustryTest@290222c1]" started-at="2022-09-15T23:35:15 IST" name="bsConfig" finished-at="2022-09-15T23:35:15 IST" duration-ms="9" status="PASS">
          <reporter-output>
            <line>
              <![CDATA[--Database Connection Successfull.--]]>
            </line>
          </reporter-output>
        </test-method> <!-- bsConfig -->
        <test-method is-config="true" signature="bcConfig()[pri:0, instance:vtiger.OrganizationsTests.CreateMultipleOrganizationWithIndustryTest@290222c1]" started-at="2022-09-15T23:35:15 IST" name="bcConfig" finished-at="2022-09-15T23:35:18 IST" duration-ms="3313" status="PASS">
          <reporter-output>
            <line>
              <![CDATA[--Browser chrome Launched Successfully--]]>
            </line>
          </reporter-output>
        </test-method> <!-- bcConfig -->
        <test-method is-config="true" signature="bmCOnfig()[pri:0, instance:vtiger.OrganizationsTests.CreateMultipleOrganizationWithIndustryTest@290222c1]" started-at="2022-09-15T23:35:19 IST" name="bmCOnfig" finished-at="2022-09-15T23:35:22 IST" duration-ms="2579" status="PASS">
          <reporter-output>
            <line>
              <![CDATA[--Login Succesfully--]]>
            </line>
          </reporter-output>
        </test-method> <!-- bmCOnfig -->
        <test-method signature="createMultipleOrgTest(java.lang.String,java.lang.String)[pri:0, instance:vtiger.OrganizationsTests.CreateMultipleOrganizationWithIndustryTest@290222c1]" started-at="2022-09-15T23:35:22 IST" name="createMultipleOrgTest" data-provider="OrgData" finished-at="2022-09-15T23:35:30 IST" duration-ms="8196" status="PASS">
          <params>
            <param index="0">
              <value>
                <![CDATA[Wipro]]>
              </value>
            </param>
            <param index="1">
              <value>
                <![CDATA[Banking]]>
              </value>
            </param>
          </params>
          <reporter-output>
          </reporter-output>
        </test-method> <!-- createMultipleOrgTest -->
        <test-method is-config="true" signature="amConfig()[pri:0, instance:vtiger.OrganizationsTests.CreateMultipleOrganizationWithIndustryTest@290222c1]" started-at="2022-09-15T23:35:30 IST" name="amConfig" finished-at="2022-09-15T23:35:31 IST" duration-ms="1076" status="PASS">
          <reporter-output>
            <line>
              <![CDATA[--SignOut Successfully.--]]>
            </line>
          </reporter-output>
        </test-method> <!-- amConfig -->
        <test-method is-config="true" signature="bmCOnfig()[pri:0, instance:vtiger.OrganizationsTests.CreateMultipleOrganizationWithIndustryTest@290222c1]" started-at="2022-09-15T23:35:31 IST" name="bmCOnfig" finished-at="2022-09-15T23:35:33 IST" duration-ms="1910" status="PASS">
          <reporter-output>
            <line>
              <![CDATA[--Login Succesfully--]]>
            </line>
          </reporter-output>
        </test-method> <!-- bmCOnfig -->
        <test-method signature="createMultipleOrgTest(java.lang.String,java.lang.String)[pri:0, instance:vtiger.OrganizationsTests.CreateMultipleOrganizationWithIndustryTest@290222c1]" started-at="2022-09-15T23:35:33 IST" name="createMultipleOrgTest" data-provider="OrgData" finished-at="2022-09-15T23:35:41 IST" duration-ms="8293" status="PASS">
          <params>
            <param index="0">
              <value>
                <![CDATA[Hyundai]]>
              </value>
            </param>
            <param index="1">
              <value>
                <![CDATA[Apparel]]>
              </value>
            </param>
          </params>
          <reporter-output>
          </reporter-output>
        </test-method> <!-- createMultipleOrgTest -->
        <test-method is-config="true" signature="amConfig()[pri:0, instance:vtiger.OrganizationsTests.CreateMultipleOrganizationWithIndustryTest@290222c1]" started-at="2022-09-15T23:35:41 IST" name="amConfig" finished-at="2022-09-15T23:35:43 IST" duration-ms="1544" status="PASS">
          <reporter-output>
            <line>
              <![CDATA[--SignOut Successfully.--]]>
            </line>
          </reporter-output>
        </test-method> <!-- amConfig -->
        <test-method is-config="true" signature="bmCOnfig()[pri:0, instance:vtiger.OrganizationsTests.CreateMultipleOrganizationWithIndustryTest@290222c1]" started-at="2022-09-15T23:35:43 IST" name="bmCOnfig" finished-at="2022-09-15T23:35:45 IST" duration-ms="2117" status="PASS">
          <reporter-output>
            <line>
              <![CDATA[--Login Succesfully--]]>
            </line>
          </reporter-output>
        </test-method> <!-- bmCOnfig -->
        <test-method signature="createMultipleOrgTest(java.lang.String,java.lang.String)[pri:0, instance:vtiger.OrganizationsTests.CreateMultipleOrganizationWithIndustryTest@290222c1]" started-at="2022-09-15T23:35:45 IST" name="createMultipleOrgTest" data-provider="OrgData" finished-at="2022-09-15T23:35:54 IST" duration-ms="8613" status="PASS">
          <params>
            <param index="0">
              <value>
                <![CDATA[Infosys]]>
              </value>
            </param>
            <param index="1">
              <value>
                <![CDATA[Chemicals]]>
              </value>
            </param>
          </params>
          <reporter-output>
          </reporter-output>
        </test-method> <!-- createMultipleOrgTest -->
        <test-method is-config="true" signature="amConfig()[pri:0, instance:vtiger.OrganizationsTests.CreateMultipleOrganizationWithIndustryTest@290222c1]" started-at="2022-09-15T23:35:54 IST" name="amConfig" finished-at="2022-09-15T23:35:55 IST" duration-ms="1168" status="PASS">
          <reporter-output>
            <line>
              <![CDATA[--SignOut Successfully.--]]>
            </line>
          </reporter-output>
        </test-method> <!-- amConfig -->
        <test-method is-config="true" signature="bmCOnfig()[pri:0, instance:vtiger.OrganizationsTests.CreateMultipleOrganizationWithIndustryTest@290222c1]" started-at="2022-09-15T23:35:55 IST" name="bmCOnfig" finished-at="2022-09-15T23:35:57 IST" duration-ms="2048" status="PASS">
          <reporter-output>
            <line>
              <![CDATA[--Login Succesfully--]]>
            </line>
          </reporter-output>
        </test-method> <!-- bmCOnfig -->
        <test-method signature="createMultipleOrgTest(java.lang.String,java.lang.String)[pri:0, instance:vtiger.OrganizationsTests.CreateMultipleOrganizationWithIndustryTest@290222c1]" started-at="2022-09-15T23:35:57 IST" name="createMultipleOrgTest" data-provider="OrgData" finished-at="2022-09-15T23:36:23 IST" duration-ms="26098" status="FAIL">
          <params>
            <param index="0">
              <value>
                <![CDATA[PWC]]>
              </value>
            </param>
            <param index="1">
              <value>
                <![CDATA[Communication]]>
              </value>
            </param>
          </params>
          <exception class="org.openqa.selenium.NoSuchElementException">
            <message>
              <![CDATA[Cannot locate option with value: Communication
For documentation on this error, please visit: https://www.seleniumhq.org/exceptions/no_such_element.html
Build info: version: '3.141.59', revision: 'e82be7d358', time: '2018-11-14T08:17:03'
System info: host: 'RAHUL', ip: '192.168.1.3', os.name: 'Windows 10', os.arch: 'amd64', os.version: '10.0', java.version: '16.0.1'
Driver info: driver.version: unknown]]>
            </message>
            <full-stacktrace>
              <![CDATA[org.openqa.selenium.NoSuchElementException: Cannot locate option with value: Communication
For documentation on this error, please visit: https://www.seleniumhq.org/exceptions/no_such_element.html
Build info: version: '3.141.59', revision: 'e82be7d358', time: '2018-11-14T08:17:03'
System info: host: 'RAHUL', ip: '192.168.1.3', os.name: 'Windows 10', os.arch: 'amd64', os.version: '10.0', java.version: '16.0.1'
Driver info: driver.version: unknown
at org.openqa.selenium.support.ui.Select.findOptionsByValue(Select.java:283)
at org.openqa.selenium.support.ui.Select.selectByValue(Select.java:186)
at vtiger.GenericUtility.WebDriverUtility.handleDropdown(WebDriverUtility.java:118)
at vtiger.ObjectRepository.CreateNewOrganizationPage.createNewOrg(CreateNewOrganizationPage.java:67)
at vtiger.OrganizationsTests.CreateMultipleOrganizationWithIndustryTest.createMultipleOrgTest(CreateMultipleOrganizationWithIndustryTest.java:41)
at java.base/jdk.internal.reflect.NativeMethodAccessorImpl.invoke0(Native Method)
at java.base/jdk.internal.reflect.NativeMethodAccessorImpl.invoke(NativeMethodAccessorImpl.java:78)
at java.base/jdk.internal.reflect.DelegatingMethodAccessorImpl.invoke(DelegatingMethodAccessorImpl.java:43)
at java.base/java.lang.reflect.Method.invoke(Method.java:567)
at org.testng.internal.MethodInvocationHelper.invokeMethod(MethodInvocationHelper.java:133)
at org.testng.internal.TestInvoker.invokeMethod(TestInvoker.java:598)
at org.testng.internal.TestInvoker.invokeTestMethod(TestInvoker.java:173)
at org.testng.internal.MethodRunner.runInSequence(MethodRunner.java:46)
at org.testng.internal.TestInvoker$MethodInvocationAgent.invoke(TestInvoker.java:824)
at org.testng.internal.TestInvoker.invokeTestMethods(TestInvoker.java:146)
at org.testng.internal.TestMethodWorker.invokeTestMethods(TestMethodWorker.java:146)
at org.testng.internal.TestMethodWorker.run(TestMethodWorker.java:128)
at java.base/java.util.ArrayList.forEach(ArrayList.java:1511)
at org.testng.TestRunner.privateRun(TestRunner.java:794)
at org.testng.TestRunner.run(TestRunner.java:596)
at org.testng.SuiteRunner.runTest(SuiteRunner.java:377)
at org.testng.SuiteRunner.runSequentially(SuiteRunner.java:371)
at org.testng.SuiteRunner.privateRun(SuiteRunner.java:332)
at org.testng.SuiteRunner.run(SuiteRunner.java:276)
at org.testng.SuiteRunnerWorker.runSuite(SuiteRunnerWorker.java:53)
at org.testng.SuiteRunnerWorker.run(SuiteRunnerWorker.java:96)
at org.testng.TestNG.runSuitesSequentially(TestNG.java:1212)
at org.testng.TestNG.runSuitesLocally(TestNG.java:1134)
at org.testng.TestNG.runSuites(TestNG.java:1063)
at org.testng.TestNG.run(TestNG.java:1031)
at org.testng.remote.AbstractRemoteTestNG.run(AbstractRemoteTestNG.java:115)
at org.testng.remote.RemoteTestNG.initAndRun(RemoteTestNG.java:251)
at org.testng.remote.RemoteTestNG.main(RemoteTestNG.java:77)
]]>
            </full-stacktrace>
          </exception> <!-- org.openqa.selenium.NoSuchElementException -->
          <reporter-output>
          </reporter-output>
        </test-method> <!-- createMultipleOrgTest -->
        <test-method is-config="true" signature="amConfig()[pri:0, instance:vtiger.OrganizationsTests.CreateMultipleOrganizationWithIndustryTest@290222c1]" started-at="2022-09-15T23:36:23 IST" name="amConfig" finished-at="2022-09-15T23:36:25 IST" duration-ms="1546" status="PASS">
          <reporter-output>
            <line>
              <![CDATA[--SignOut Successfully.--]]>
            </line>
          </reporter-output>
        </test-method> <!-- amConfig -->
        <test-method is-config="true" signature="bmCOnfig()[pri:0, instance:vtiger.OrganizationsTests.CreateMultipleOrganizationWithIndustryTest@290222c1]" started-at="2022-09-15T23:36:25 IST" name="bmCOnfig" finished-at="2022-09-15T23:36:27 IST" duration-ms="2233" status="PASS">
          <reporter-output>
            <line>
              <![CDATA[--Login Succesfully--]]>
            </line>
          </reporter-output>
        </test-method> <!-- bmCOnfig -->
        <test-method signature="createMultipleOrgTest(java.lang.String,java.lang.String)[pri:0, instance:vtiger.OrganizationsTests.CreateMultipleOrganizationWithIndustryTest@290222c1]" started-at="2022-09-15T23:36:27 IST" name="createMultipleOrgTest" data-provider="OrgData" finished-at="2022-09-15T23:36:35 IST" duration-ms="8543" status="PASS">
          <params>
            <param index="0">
              <value>
                <![CDATA[TY]]>
              </value>
            </param>
            <param index="1">
              <value>
                <![CDATA[Education]]>
              </value>
            </param>
          </params>
          <reporter-output>
          </reporter-output>
        </test-method> <!-- createMultipleOrgTest -->
        <test-method is-config="true" signature="amConfig()[pri:0, instance:vtiger.OrganizationsTests.CreateMultipleOrganizationWithIndustryTest@290222c1]" started-at="2022-09-15T23:36:35 IST" name="amConfig" finished-at="2022-09-15T23:36:37 IST" duration-ms="1209" status="PASS">
          <reporter-output>
            <line>
              <![CDATA[--SignOut Successfully.--]]>
            </line>
          </reporter-output>
        </test-method> <!-- amConfig -->
        <test-method is-config="true" signature="acConfig()[pri:0, instance:vtiger.OrganizationsTests.CreateMultipleOrganizationWithIndustryTest@290222c1]" started-at="2022-09-15T23:36:37 IST" name="acConfig" finished-at="2022-09-15T23:36:37 IST" duration-ms="302" status="PASS">
          <reporter-output>
            <line>
              <![CDATA[--Browser Closed Successfully.--]]>
            </line>
          </reporter-output>
        </test-method> <!-- acConfig -->
        <test-method is-config="true" signature="asConfig()[pri:0, instance:vtiger.OrganizationsTests.CreateMultipleOrganizationWithIndustryTest@290222c1]" started-at="2022-09-15T23:36:37 IST" name="asConfig" finished-at="2022-09-15T23:36:37 IST" duration-ms="0" status="PASS">
          <reporter-output>
            <line>
              <![CDATA[--Database Close successfully.--]]>
            </line>
          </reporter-output>
        </test-method> <!-- asConfig -->
      </class> <!-- vtiger.OrganizationsTests.CreateMultipleOrganizationWithIndustryTest -->
    </test> <!-- Default test -->
  </suite> <!-- Default suite -->
</testng-results>
